0 info it worked if it ends with ok
1 verbose cli [ '/usr/libexec/openshift/cartridges/c9-0.1/root/bin/node-openshift-v10',
1 verbose cli   '/usr/libexec/openshift/cartridges/c9-0.1/root/lib-0.10/node_modules/npm/bin/npm-cli.js',
1 verbose cli   'install',
1 verbose cli   'express',
1 verbose cli   '@3.4.8',
1 verbose cli   '-g' ]
2 info using npm@1.3.8
3 info using node@v0.10.22
4 verbose cache add [ 'express', null ]
5 verbose cache add name=undefined spec="express" args=["express",null]
6 verbose parsed url { protocol: null,
6 verbose parsed url   slashes: null,
6 verbose parsed url   auth: null,
6 verbose parsed url   host: null,
6 verbose parsed url   port: null,
6 verbose parsed url   hostname: null,
6 verbose parsed url   hash: null,
6 verbose parsed url   search: null,
6 verbose parsed url   query: null,
6 verbose parsed url   pathname: 'express',
6 verbose parsed url   path: 'express',
6 verbose parsed url   href: 'express' }
7 verbose cache add [ '@3.4.8', null ]
8 verbose cache add name=undefined spec="@3.4.8" args=["@3.4.8",null]
9 verbose parsed url { protocol: null,
9 verbose parsed url   slashes: null,
9 verbose parsed url   auth: null,
9 verbose parsed url   host: null,
9 verbose parsed url   port: null,
9 verbose parsed url   hostname: null,
9 verbose parsed url   hash: null,
9 verbose parsed url   search: null,
9 verbose parsed url   query: null,
9 verbose parsed url   pathname: '@3.4.8',
9 verbose parsed url   path: '@3.4.8',
9 verbose parsed url   href: '@3.4.8' }
10 verbose cache add name="" spec="3.4.8" args=["","3.4.8"]
11 verbose parsed url { protocol: null,
11 verbose parsed url   slashes: null,
11 verbose parsed url   auth: null,
11 verbose parsed url   host: null,
11 verbose parsed url   port: null,
11 verbose parsed url   hostname: null,
11 verbose parsed url   hash: null,
11 verbose parsed url   search: null,
11 verbose parsed url   query: null,
11 verbose parsed url   pathname: '3.4.8',
11 verbose parsed url   path: '3.4.8',
11 verbose parsed url   href: '3.4.8' }
12 silly lockFile f3c62de4-express express
13 verbose lock express /var/lib/openshift/52f847de4382ecf563000099/app-root/data/.npm/f3c62de4-express.lock
14 silly lockFile 941935a7-3-4-8 3.4.8
15 verbose lock 3.4.8 /var/lib/openshift/52f847de4382ecf563000099/app-root/data/.npm/941935a7-3-4-8.lock
16 silly lockFile f3c62de4-express express
17 silly lockFile f3c62de4-express express
18 silly lockFile 941935a7-3-4-8 3.4.8
19 silly lockFile 941935a7-3-4-8 3.4.8
20 verbose addNamed [ 'express', '' ]
21 verbose addNamed [ null, '*' ]
22 silly lockFile 64a534c1-express express@
23 verbose lock express@ /var/lib/openshift/52f847de4382ecf563000099/app-root/data/.npm/64a534c1-express.lock
24 verbose addNamed [ '3.4.8', '' ]
25 verbose addNamed [ null, '*' ]
26 silly lockFile ea7d795c-3-4-8 3.4.8@
27 verbose lock 3.4.8@ /var/lib/openshift/52f847de4382ecf563000099/app-root/data/.npm/ea7d795c-3-4-8.lock
28 silly addNameRange { name: 'express', range: '*', hasData: false }
29 silly addNameRange { name: '3.4.8', range: '*', hasData: false }
30 verbose url raw 3.4.8
31 verbose url resolving [ 'https://registry.npmjs.org/', './3.4.8' ]
32 verbose url resolved https://registry.npmjs.org/3.4.8
33 info trying registry request attempt 1 at 19:26:31
34 http GET https://registry.npmjs.org/3.4.8
35 verbose url raw express
36 verbose url resolving [ 'https://registry.npmjs.org/', './express' ]
37 verbose url resolved https://registry.npmjs.org/express
38 info trying registry request attempt 1 at 19:26:31
39 verbose etag "BTLRKUE2PDEK3PLCJB2LT0DHP"
40 http GET https://registry.npmjs.org/express
41 http 304 https://registry.npmjs.org/express
42 silly registry.get cb [ 304,
42 silly registry.get   { date: 'Wed, 12 Feb 2014 00:26:31 GMT',
42 silly registry.get     server: 'Apache',
42 silly registry.get     connection: 'Keep-Alive',
42 silly registry.get     'keep-alive': 'timeout=10, max=50',
42 silly registry.get     etag: '"BTLRKUE2PDEK3PLCJB2LT0DHP"',
42 silly registry.get     'cache-control': 'max-age=1',
42 silly registry.get     vary: 'Accept' } ]
43 verbose etag express from cache
44 silly addNameRange number 2 { name: 'express', range: '*', hasData: true }
45 silly addNameRange versions [ 'express',
45 silly addNameRange   [ '0.14.0',
45 silly addNameRange     '0.14.1',
45 silly addNameRange     '1.0.0',
45 silly addNameRange     '1.0.1',
45 silly addNameRange     '1.0.2',
45 silly addNameRange     '1.0.3',
45 silly addNameRange     '1.0.4',
45 silly addNameRange     '1.0.5',
45 silly addNameRange     '1.0.6',
45 silly addNameRange     '1.0.7',
45 silly addNameRange     '1.0.8',
45 silly addNameRange     '2.0.0',
45 silly addNameRange     '2.1.0',
45 silly addNameRange     '2.1.1',
45 silly addNameRange     '2.2.0',
45 silly addNameRange     '2.2.1',
45 silly addNameRange     '2.2.2',
45 silly addNameRange     '2.3.0',
45 silly addNameRange     '2.3.1',
45 silly addNameRange     '2.3.2',
45 silly addNameRange     '2.3.3',
45 silly addNameRange     '2.3.4',
45 silly addNameRange     '2.3.5',
45 silly addNameRange     '2.3.6',
45 silly addNameRange     '2.3.7',
45 silly addNameRange     '2.3.8',
45 silly addNameRange     '2.3.9',
45 silly addNameRange     '2.3.10',
45 silly addNameRange     '2.3.11',
45 silly addNameRange     '2.3.12',
45 silly addNameRange     '2.4.0',
45 silly addNameRange     '2.4.1',
45 silly addNameRange     '2.4.2',
45 silly addNameRange     '2.4.3',
45 silly addNameRange     '2.4.4',
45 silly addNameRange     '2.4.5',
45 silly addNameRange     '2.4.6',
45 silly addNameRange     '2.4.7',
45 silly addNameRange     '2.5.0',
45 silly addNameRange     '2.5.1',
45 silly addNameRange     '2.5.2',
45 silly addNameRange     '2.5.3',
45 silly addNameRange     '2.5.4',
45 silly addNameRange     '2.5.5',
45 silly addNameRange     '2.5.6',
45 silly addNameRange     '2.5.7',
45 silly addNameRange     '2.5.8',
45 silly addNameRange     '2.5.9',
45 silly addNameRange     '2.5.10',
45 silly addNameRange     '2.5.11',
45 silly addNameRange     '3.0.0',
45 silly addNameRange     '3.0.1',
45 silly addNameRange     '3.0.2',
45 silly addNameRange     '3.0.3',
45 silly addNameRange     '3.0.4',
45 silly addNameRange     '3.0.5',
45 silly addNameRange     '3.0.6',
45 silly addNameRange     '3.1.0',
45 silly addNameRange     '3.1.1',
45 silly addNameRange     '3.1.2',
45 silly addNameRange     '3.2.0',
45 silly addNameRange     '3.2.1',
45 silly addNameRange     '3.2.2',
45 silly addNameRange     '3.2.3',
45 silly addNameRange     '3.2.4',
45 silly addNameRange     '3.2.5',
45 silly addNameRange     '3.2.6',
45 silly addNameRange     '3.3.0',
45 silly addNameRange     '3.3.1',
45 silly addNameRange     '3.3.2',
45 silly addNameRange     '3.3.3',
45 silly addNameRange     '3.3.4',
45 silly addNameRange     '3.3.5',
45 silly addNameRange     '3.3.6',
45 silly addNameRange     '1.0.0-beta',
45 silly addNameRange     '1.0.0-beta2',
45 silly addNameRange     '1.0.0-rc',
45 silly addNameRange     '1.0.0-rc2',
45 silly addNameRange     '1.0.0-rc3',
45 silly addNameRange     '1.0.0-rc4',
45 silly addNameRange     '2.0.0-beta',
45 silly addNameRange     '2.0.0-beta2',
45 silly addNameRange     '2.0.0-beta3',
45 silly addNameRange     '2.0.0-rc',
45 silly addNameRange     '2.0.0-rc2',
45 silly addNameRange     '2.0.0-rc3',
45 silly addNameRange     '3.0.0-alpha1',
45 silly addNameRange     '3.0.0-alpha2',
45 silly addNameRange     '3.0.0-alpha3',
45 silly addNameRange     '3.0.0-alpha4',
45 silly addNameRange     '3.0.0-alpha5',
45 silly addNameRange     '3.0.0-beta1',
45 silly addNameRange     '3.0.0-beta2',
45 silly addNameRange     '3.0.0-beta3',
45 silly addNameRange     '3.0.0-beta4',
45 silly addNameRange     '3.0.0-beta6',
45 silly addNameRange     '3.0.0-beta7',
45 silly addNameRange     '3.0.0-rc1',
45 silly addNameRange     '3.0.0-rc2',
45 silly addNameRange     '3.0.0-rc3',
45 silly addNameRange     '3.0.0-rc4',
45 silly addNameRange     '3.0.0-rc5',
45 silly addNameRange     '3.3.7',
45 silly addNameRange     '3.3.8',
45 silly addNameRange     '3.4.0',
45 silly addNameRange     '3.4.1',
45 silly addNameRange     '3.4.2',
45 silly addNameRange     '3.4.3',
45 silly addNameRange     '3.4.4',
45 silly addNameRange     '3.4.5',
45 silly addNameRange     '3.4.6',
45 silly addNameRange     '3.4.7',
45 silly addNameRange     '3.4.8' ] ]
46 verbose addNamed [ 'express', '3.4.8' ]
47 verbose addNamed [ '3.4.8', '3.4.8' ]
48 silly lockFile 15cb8528-express-3-4-8 express@3.4.8
49 verbose lock express@3.4.8 /var/lib/openshift/52f847de4382ecf563000099/app-root/data/.npm/15cb8528-express-3-4-8.lock
50 silly lockFile 15cb8528-express-3-4-8 express@3.4.8
51 silly lockFile 15cb8528-express-3-4-8 express@3.4.8
52 silly lockFile 64a534c1-express express@
53 silly lockFile 64a534c1-express express@
54 http 404 https://registry.npmjs.org/3.4.8
55 silly registry.get cb [ 404,
55 silly registry.get   { date: 'Wed, 12 Feb 2014 00:26:36 GMT',
55 silly registry.get     server: 'CouchDB/1.5.0 (Erlang OTP/R16B)',
55 silly registry.get     'content-type': 'application/json',
55 silly registry.get     via: '1.1 varnish',
55 silly registry.get     'cache-control': 'max-age=0',
55 silly registry.get     'content-length': '52',
55 silly registry.get     'accept-ranges': 'bytes',
55 silly registry.get     age: '0',
55 silly registry.get     'x-served-by': 'cache-v44-ASH, cache-jfk1031-JFK',
55 silly registry.get     'x-cache': 'MISS, MISS',
55 silly registry.get     'x-cache-hits': '0, 0',
55 silly registry.get     'x-timer': 'S1392164796.392107725,VS0,VS5,VE34,VE37',
55 silly registry.get     'keep-alive': 'timeout=10, max=50',
55 silly registry.get     connection: 'Keep-Alive' } ]
56 silly lockFile ea7d795c-3-4-8 3.4.8@
57 silly lockFile ea7d795c-3-4-8 3.4.8@
58 error 404 '3.4.8' is not in the npm registry.
58 error 404 You should bug the author to publish it
58 error 404
58 error 404 Note that you can also install from a
58 error 404 tarball, folder, or http url, or git url.
59 error System Linux 2.6.32-431.3.1.el6oso.bz844450v4.x86_64
60 error command "/usr/libexec/openshift/cartridges/c9-0.1/root/bin/node-openshift-v10" "/usr/libexec/openshift/cartridges/c9-0.1/root/lib-0.10/node_modules/npm/bin/npm-cli.js" "install" "express" "@3.4.8" "-g"
61 error cwd /var/lib/stickshift/52f847de4382ecf563000099/app-root/data/766101/tractor
62 error node -v v0.10.22
63 error npm -v 1.3.8
64 error code E404
65 verbose exit [ 1, true ]
